<?xml version="1.0" encoding="utf-8" standalone="no"?>
<!--This file represents the results of running a test suite-->
<test-results name="C:\Users\krzysztof.mrowinski\Documents\Visual Studio 2010\Projects\MvcMTApp\Tests\bin\Debug\Tests.dll" total="1" errors="0" failures="0" not-run="0" inconclusive="0" ignored="0" skipped="0" invalid="0" date="2013-08-06" time="16:07:15">
  <environment nunit-version="2.6.2.12296" clr-version="2.0.50727.5472" os-version="Microsoft Windows NT 6.1.7601 Service Pack 1" platform="Win32NT" cwd="C:\Users\krzysztof.mrowinski\Documents\Visual Studio 2010\Projects\MvcMTApp\packages\NUnit.Runners.2.6.2\tools" machine-name="059NCP" user="krzysztof.mrowinski" user-domain="NCSA" />
  <culture-info current-culture="pl-PL" current-uiculture="pl-PL" />
  <test-suite type="Assembly" name="C:\Users\krzysztof.mrowinski\Documents\Visual Studio 2010\Projects\MvcMTApp\Tests\bin\Debug\Tests.dll" executed="True" result="Success" success="True" time="0.003" asserts="0">
    <results>
      <test-suite type="Namespace" name="Tests" executed="True" result="Success" success="True" time="0.003" asserts="0">
        <results>
          <test-suite type="Namespace" name="Tests" executed="True" result="Success" success="True" time="0.002" asserts="0">
            <results>
              <test-suite type="TestFixture" name="SomeTest" executed="True" result="Success" success="True" time="0.001" asserts="0">
                <results>
                  <test-case name="Tests.Tests.SomeTest.t2" executed="True" result="Success" success="True" time="0.000" asserts="1" />
                </results>
              </test-suite>
            </results>
          </test-suite>
        </results>
      </test-suite>
    </results>
  </test-suite>
</test-results>